<?xml version="1.0" encoding="UTF-8"?>
<testsuite name="creational.singleton.SingletonTest" tests="1" skipped="0" failures="0" errors="0" timestamp="2021-08-23T15:16:32" hostname="LENOVO-LAPTOP" time="0.017">
  <properties/>
  <testcase name="create_singleton_instance()" classname="creational.singleton.SingletonTest" time="0.017"/>
  <system-out><![CDATA[]]></system-out>
  <system-err><![CDATA[]]></system-err>
</testsuite>
